<?xml version="1.0" encoding="UTF-8"?>
<!-- Generated by org.testng.reporters.JUnitXMLReporter -->
<testsuite ignored="0" hostname="AnoopAcerLaptop" failures="0" tests="5" name="ChromeTest" time="17.234" errors="0" timestamp="2026-03-05T20:30:25 IST">
  <testcase classname="testscript.LoginTest" name="verifyiftheuserisabletologinwithvalidcredentials" time="1.813"/>
  <testcase classname="testscript.LoginTest" name="verifyiftheuserisabletologinwithcorrectusernameandincorrectpassword" time="0.4"/>
  <testcase classname="testscript.LoginTest" name="verifyiftheuserisabletologinwithincorrectusernameandcorrectpassword" time="0.483"/>
  <testcase classname="testscript.LoginTest" name="verifyiftheuserisabletologinwithincorrectusernameandincorrectpassword" time="0.546"/>
  <testcase classname="testscript.LoginTest" name="verifyiftheuserisabletologinwithnousernameandpassword" time="0.41"/>
</testsuite> <!-- ChromeTest -->
