<?xml version="1.0" encoding="UTF-8"?>
<!-- Generated by org.testng.reporters.JUnitXMLReporter -->
<testsuite ignored="0" hostname="AnoopAcerLaptop" failures="0" tests="5" name="EdgeTest" time="77.683" errors="0" timestamp="2026-03-05T20:31:43 IST">
  <testcase classname="testscript.LoginTest" name="verifyiftheuserisabletologinwithvalidcredentials" time="2.056"/>
  <testcase classname="testscript.LoginTest" name="verifyiftheuserisabletologinwithcorrectusernameandincorrectpassword" time="1.578"/>
  <testcase classname="testscript.LoginTest" name="verifyiftheuserisabletologinwithincorrectusernameandcorrectpassword" time="2.054"/>
  <testcase classname="testscript.LoginTest" name="verifyiftheuserisabletologinwithincorrectusernameandincorrectpassword" time="0.461"/>
  <testcase classname="testscript.LoginTest" name="verifyiftheuserisabletologinwithnousernameandpassword" time="0.408"/>
</testsuite> <!-- EdgeTest -->
