<?xml version="1.0" encoding="UTF-8"?>
<!-- Generated by org.testng.reporters.JUnitXMLReporter -->
<testsuite ignored="0" hostname="AnoopAcerLaptop" failures="0" tests="5" name="FirefoxTest" time="302.737" errors="0" timestamp="2026-03-04T21:08:15 IST">
  <testcase classname="testscript.LoginTest" name="verifyiftheuserisabletologinwithvalidcredentials" time="0.0">
    <skipped/>
  </testcase> <!-- verifyiftheuserisabletologinwithvalidcredentials -->
  <testcase classname="testscript.LoginTest" name="verifyiftheuserisabletologinwithcorrectusernameandincorrectpassword" time="0.0">
    <skipped/>
  </testcase> <!-- verifyiftheuserisabletologinwithcorrectusernameandincorrectpassword -->
  <testcase classname="testscript.LoginTest" name="verifyiftheuserisabletologinwithincorrectusernameandcorrectpassword" time="0.0">
    <skipped/>
  </testcase> <!-- verifyiftheuserisabletologinwithincorrectusernameandcorrectpassword -->
  <testcase classname="testscript.LoginTest" name="verifyiftheuserisabletologinwithincorrectusernameandincorrectpassword" time="0.001">
    <skipped/>
  </testcase> <!-- verifyiftheuserisabletologinwithincorrectusernameandincorrectpassword -->
  <testcase classname="testscript.LoginTest" name="verifyiftheuserisabletologinwithnousernameandpassword" time="0.0">
    <skipped/>
  </testcase> <!-- verifyiftheuserisabletologinwithnousernameandpassword -->
</testsuite> <!-- FirefoxTest -->
