<?xml version="1.0" encoding="UTF-8"?>
<testng-results ignored="0" total="5" passed="5" failed="0" skipped="0">
  <reporter-output>
  </reporter-output>
  <suite started-at="2026-03-11T20:34:37 IST" name="Suite" finished-at="2026-03-11T20:34:51 IST" duration-ms="13679">
    <groups>
      <group name="Regression">
        <method signature="LoginTest.verifyiftheuserisabletologinwithvalidcredentials()[pri:1, instance:testscript.LoginTest@5e82df6a]" name="verifyiftheuserisabletologinwithvalidcredentials" class="testscript.LoginTest"/>
        <method signature="LoginTest.verifyiftheuserisabletologinwithcorrectusernameandincorrectpassword()[pri:2, instance:testscript.LoginTest@5e82df6a]" name="verifyiftheuserisabletologinwithcorrectusernameandincorrectpassword" class="testscript.LoginTest"/>
        <method signature="LoginTest.verifyiftheuserisabletologinwithincorrectusernameandcorrectpassword()[pri:3, instance:testscript.LoginTest@5e82df6a]" name="verifyiftheuserisabletologinwithincorrectusernameandcorrectpassword" class="testscript.LoginTest"/>
        <method signature="LoginTest.verifyiftheuserisabletologinwithincorrectusernameandincorrectpassword()[pri:4, instance:testscript.LoginTest@5e82df6a]" name="verifyiftheuserisabletologinwithincorrectusernameandincorrectpassword" class="testscript.LoginTest"/>
        <method signature="LoginTest.verifyiftheuserisabletologinwithnousernameandpassword()[pri:5, instance:testscript.LoginTest@5e82df6a]" name="verifyiftheuserisabletologinwithnousernameandpassword" class="testscript.LoginTest"/>
      </group> <!-- Regression -->
    </groups>
    <test started-at="2026-03-11T20:34:37 IST" name="Test" finished-at="2026-03-11T20:34:51 IST" duration-ms="13679">
      <class name="testscript.LoginTest">
        <test-method is-config="true" signature="initialiseBrowser(java.lang.String)[pri:0, instance:testscript.LoginTest@5e82df6a]" started-at="2026-03-11T20:34:37 IST" name="initialiseBrowser" finished-at="2026-03-11T20:34:39 IST" duration-ms="2024" status="PASS">
          <params>
            <param index="0">
              <value>
                <![CDATA[chrome]]>
              </value>
            </param>
          </params>
          <reporter-output>
          </reporter-output>
        </test-method> <!-- initialiseBrowser -->
        <test-method signature="verifyiftheuserisabletologinwithvalidcredentials()[pri:1, instance:testscript.LoginTest@5e82df6a]" started-at="2026-03-11T20:34:39 IST" name="verifyiftheuserisabletologinwithvalidcredentials" finished-at="2026-03-11T20:34:41 IST" duration-ms="1858" status="PASS">
          <reporter-output>
          </reporter-output>
        </test-method> <!-- verifyiftheuserisabletologinwithvalidcredentials -->
        <test-method is-config="true" signature="browserQuitAndClose(org.testng.ITestResult)[pri:0, instance:testscript.LoginTest@5e82df6a]" started-at="2026-03-11T20:34:41 IST" name="browserQuitAndClose" finished-at="2026-03-11T20:34:41 IST" duration-ms="193" status="PASS">
          <params>
            <param index="0">
              <value>
                <![CDATA[[TestResult name=verifyiftheuserisabletologinwithvalidcredentials status=SUCCESS method=LoginTest.verifyiftheuserisabletologinwithvalidcredentials()[pri:1, instance:testscript.LoginTest@5e82df6a] output={null}]]]>
              </value>
            </param>
          </params>
          <reporter-output>
          </reporter-output>
        </test-method> <!-- browserQuitAndClose -->
        <test-method is-config="true" signature="initialiseBrowser(java.lang.String)[pri:0, instance:testscript.LoginTest@5e82df6a]" started-at="2026-03-11T20:34:41 IST" name="initialiseBrowser" finished-at="2026-03-11T20:34:43 IST" duration-ms="1407" status="PASS">
          <params>
            <param index="0">
              <value>
                <![CDATA[chrome]]>
              </value>
            </param>
          </params>
          <reporter-output>
          </reporter-output>
        </test-method> <!-- initialiseBrowser -->
        <test-method signature="verifyiftheuserisabletologinwithcorrectusernameandincorrectpassword()[pri:2, instance:testscript.LoginTest@5e82df6a]" started-at="2026-03-11T20:34:43 IST" name="verifyiftheuserisabletologinwithcorrectusernameandincorrectpassword" finished-at="2026-03-11T20:34:44 IST" duration-ms="797" status="PASS">
          <reporter-output>
          </reporter-output>
        </test-method> <!-- verifyiftheuserisabletologinwithcorrectusernameandincorrectpassword -->
        <test-method is-config="true" signature="browserQuitAndClose(org.testng.ITestResult)[pri:0, instance:testscript.LoginTest@5e82df6a]" started-at="2026-03-11T20:34:44 IST" name="browserQuitAndClose" finished-at="2026-03-11T20:34:44 IST" duration-ms="226" status="PASS">
          <params>
            <param index="0">
              <value>
                <![CDATA[[TestResult name=verifyiftheuserisabletologinwithcorrectusernameandincorrectpassword status=SUCCESS method=LoginTest.verifyiftheuserisabletologinwithcorrectusernameandincorrectpassword()[pri:2, instance:testscript.LoginTest@5e82df6a] output={null}]]]>
              </value>
            </param>
          </params>
          <reporter-output>
          </reporter-output>
        </test-method> <!-- browserQuitAndClose -->
        <test-method is-config="true" signature="initialiseBrowser(java.lang.String)[pri:0, instance:testscript.LoginTest@5e82df6a]" started-at="2026-03-11T20:34:44 IST" name="initialiseBrowser" finished-at="2026-03-11T20:34:45 IST" duration-ms="1502" status="PASS">
          <params>
            <param index="0">
              <value>
                <![CDATA[chrome]]>
              </value>
            </param>
          </params>
          <reporter-output>
          </reporter-output>
        </test-method> <!-- initialiseBrowser -->
        <test-method signature="verifyiftheuserisabletologinwithincorrectusernameandcorrectpassword()[pri:3, instance:testscript.LoginTest@5e82df6a]" started-at="2026-03-11T20:34:45 IST" name="verifyiftheuserisabletologinwithincorrectusernameandcorrectpassword" finished-at="2026-03-11T20:34:46 IST" duration-ms="693" status="PASS">
          <reporter-output>
          </reporter-output>
        </test-method> <!-- verifyiftheuserisabletologinwithincorrectusernameandcorrectpassword -->
        <test-method is-config="true" signature="browserQuitAndClose(org.testng.ITestResult)[pri:0, instance:testscript.LoginTest@5e82df6a]" started-at="2026-03-11T20:34:46 IST" name="browserQuitAndClose" finished-at="2026-03-11T20:34:46 IST" duration-ms="182" status="PASS">
          <params>
            <param index="0">
              <value>
                <![CDATA[[TestResult name=verifyiftheuserisabletologinwithincorrectusernameandcorrectpassword status=SUCCESS method=LoginTest.verifyiftheuserisabletologinwithincorrectusernameandcorrectpassword()[pri:3, instance:testscript.LoginTest@5e82df6a] output={null}]]]>
              </value>
            </param>
          </params>
          <reporter-output>
          </reporter-output>
        </test-method> <!-- browserQuitAndClose -->
        <test-method is-config="true" signature="initialiseBrowser(java.lang.String)[pri:0, instance:testscript.LoginTest@5e82df6a]" started-at="2026-03-11T20:34:46 IST" name="initialiseBrowser" finished-at="2026-03-11T20:34:48 IST" duration-ms="1558" status="PASS">
          <params>
            <param index="0">
              <value>
                <![CDATA[chrome]]>
              </value>
            </param>
          </params>
          <reporter-output>
          </reporter-output>
        </test-method> <!-- initialiseBrowser -->
        <test-method signature="verifyiftheuserisabletologinwithincorrectusernameandincorrectpassword()[pri:4, instance:testscript.LoginTest@5e82df6a]" started-at="2026-03-11T20:34:48 IST" name="verifyiftheuserisabletologinwithincorrectusernameandincorrectpassword" finished-at="2026-03-11T20:34:49 IST" duration-ms="755" status="PASS">
          <reporter-output>
          </reporter-output>
        </test-method> <!-- verifyiftheuserisabletologinwithincorrectusernameandincorrectpassword -->
        <test-method is-config="true" signature="browserQuitAndClose(org.testng.ITestResult)[pri:0, instance:testscript.LoginTest@5e82df6a]" started-at="2026-03-11T20:34:49 IST" name="browserQuitAndClose" finished-at="2026-03-11T20:34:49 IST" duration-ms="182" status="PASS">
          <params>
            <param index="0">
              <value>
                <![CDATA[[TestResult name=verifyiftheuserisabletologinwithincorrectusernameandincorrectpassword status=SUCCESS method=LoginTest.verifyiftheuserisabletologinwithincorrectusernameandincorrectpassword()[pri:4, instance:testscript.LoginTest@5e82df6a] output={null}]]]>
              </value>
            </param>
          </params>
          <reporter-output>
          </reporter-output>
        </test-method> <!-- browserQuitAndClose -->
        <test-method is-config="true" signature="initialiseBrowser(java.lang.String)[pri:0, instance:testscript.LoginTest@5e82df6a]" started-at="2026-03-11T20:34:49 IST" name="initialiseBrowser" finished-at="2026-03-11T20:34:50 IST" duration-ms="1470" status="PASS">
          <params>
            <param index="0">
              <value>
                <![CDATA[chrome]]>
              </value>
            </param>
          </params>
          <reporter-output>
          </reporter-output>
        </test-method> <!-- initialiseBrowser -->
        <test-method signature="verifyiftheuserisabletologinwithnousernameandpassword()[pri:5, instance:testscript.LoginTest@5e82df6a]" started-at="2026-03-11T20:34:50 IST" name="verifyiftheuserisabletologinwithnousernameandpassword" finished-at="2026-03-11T20:34:51 IST" duration-ms="539" status="PASS">
          <reporter-output>
          </reporter-output>
        </test-method> <!-- verifyiftheuserisabletologinwithnousernameandpassword -->
        <test-method is-config="true" signature="browserQuitAndClose(org.testng.ITestResult)[pri:0, instance:testscript.LoginTest@5e82df6a]" started-at="2026-03-11T20:34:51 IST" name="browserQuitAndClose" finished-at="2026-03-11T20:34:51 IST" duration-ms="225" status="PASS">
          <params>
            <param index="0">
              <value>
                <![CDATA[[TestResult name=verifyiftheuserisabletologinwithnousernameandpassword status=SUCCESS method=LoginTest.verifyiftheuserisabletologinwithnousernameandpassword()[pri:5, instance:testscript.LoginTest@5e82df6a] output={null}]]]>
              </value>
            </param>
          </params>
          <reporter-output>
          </reporter-output>
        </test-method> <!-- browserQuitAndClose -->
      </class> <!-- testscript.LoginTest -->
    </test> <!-- Test -->
  </suite> <!-- Suite -->
</testng-results>
