<?xml version="1.0" encoding="UTF-8"?>
<!-- Generated by org.testng.reporters.JUnitReportReporter -->
<testsuite hostname="AnoopAcerLaptop" failures="0" tests="5" name="testscript.LoginTest" time="21.742" errors="0" timestamp="2026-03-12T20:41:31 IST" skipped="0">
  <testcase classname="testscript.LoginTest" name="verifyiftheuserisabletologinwithvalidcredentials" time="4.877"/>
  <testcase classname="testscript.LoginTest" name="verifyiftheuserisabletologinwithcorrectusernameandincorrectpassword" time="3.629"/>
  <testcase classname="testscript.LoginTest" name="verifyiftheuserisabletologinwithincorrectusernameandcorrectpassword" time="3.248"/>
  <testcase classname="testscript.LoginTest" name="verifyiftheuserisabletologinwithincorrectusernameandincorrectpassword" time="2.593"/>
  <testcase classname="testscript.LoginTest" name="verifyiftheuserisabletologinwithnousernameandpassword" time="7.395"/>
</testsuite> <!-- testscript.LoginTest -->
