<?xml version="1.0" encoding="UTF-8"?>
<!-- Generated by org.testng.reporters.JUnitXMLReporter -->
<testsuite ignored="0" hostname="AnoopAcerLaptop" failures="0" tests="5" name="ChromeTest" time="122.048" errors="0" timestamp="2026-03-05T20:54:23 IST">
  <testcase classname="testscript.LoginTest" name="verifyiftheuserisabletologinwithvalidcredentials" time="6.6"/>
  <testcase classname="testscript.LoginTest" name="verifyiftheuserisabletologinwithcorrectusernameandincorrectpassword" time="0.538"/>
  <testcase classname="testscript.LoginTest" name="verifyiftheuserisabletologinwithincorrectusernameandcorrectpassword" time="1.732"/>
  <testcase classname="testscript.LoginTest" name="verifyiftheuserisabletologinwithincorrectusernameandincorrectpassword" time="0.599"/>
  <testcase classname="testscript.LoginTest" name="verifyiftheuserisabletologinwithnousernameandpassword" time="1.073"/>
</testsuite> <!-- ChromeTest -->
