<?xml version="1.0" encoding="UTF-8"?>
<testng-results ignored="0" total="5" passed="5" failed="0" skipped="0">
  <reporter-output>
  </reporter-output>
  <suite started-at="2026-03-12T20:45:10 IST" name="Suite" finished-at="2026-03-12T20:45:27 IST" duration-ms="17341">
    <groups>
      <group name="Regression">
        <method signature="LoginTest.verifyiftheuserisabletologinwithvalidcredentials()[pri:1, instance:testscript.LoginTest@2a4fb17b]" name="verifyiftheuserisabletologinwithvalidcredentials" class="testscript.LoginTest"/>
        <method signature="LoginTest.verifyiftheuserisabletologinwithcorrectusernameandincorrectpassword()[pri:2, instance:testscript.LoginTest@2a4fb17b]" name="verifyiftheuserisabletologinwithcorrectusernameandincorrectpassword" class="testscript.LoginTest"/>
        <method signature="LoginTest.verifyiftheuserisabletologinwithincorrectusernameandcorrectpassword()[pri:3, instance:testscript.LoginTest@2a4fb17b]" name="verifyiftheuserisabletologinwithincorrectusernameandcorrectpassword" class="testscript.LoginTest"/>
        <method signature="LoginTest.verifyiftheuserisabletologinwithincorrectusernameandincorrectpassword()[pri:4, instance:testscript.LoginTest@2a4fb17b]" name="verifyiftheuserisabletologinwithincorrectusernameandincorrectpassword" class="testscript.LoginTest"/>
        <method signature="LoginTest.verifyiftheuserisabletologinwithnousernameandpassword()[pri:5, instance:testscript.LoginTest@2a4fb17b]" name="verifyiftheuserisabletologinwithnousernameandpassword" class="testscript.LoginTest"/>
      </group> <!-- Regression -->
    </groups>
    <test started-at="2026-03-12T20:45:10 IST" name="Test" finished-at="2026-03-12T20:45:27 IST" duration-ms="17341">
      <class name="testscript.LoginTest">
        <test-method is-config="true" signature="initialiseBrowser(java.lang.String)[pri:0, instance:testscript.LoginTest@2a4fb17b]" started-at="2026-03-12T20:45:10 IST" name="initialiseBrowser" finished-at="2026-03-12T20:45:12 IST" duration-ms="2675" status="PASS">
          <params>
            <param index="0">
              <value>
                <![CDATA[chrome]]>
              </value>
            </param>
          </params>
          <reporter-output>
          </reporter-output>
        </test-method> <!-- initialiseBrowser -->
        <test-method signature="verifyiftheuserisabletologinwithvalidcredentials()[pri:1, instance:testscript.LoginTest@2a4fb17b]" started-at="2026-03-12T20:45:12 IST" name="verifyiftheuserisabletologinwithvalidcredentials" description="Verify login functionaility" finished-at="2026-03-12T20:45:14 IST" duration-ms="1936" status="PASS">
          <reporter-output>
          </reporter-output>
        </test-method> <!-- verifyiftheuserisabletologinwithvalidcredentials -->
        <test-method is-config="true" signature="browserQuitAndClose(org.testng.ITestResult)[pri:0, instance:testscript.LoginTest@2a4fb17b]" started-at="2026-03-12T20:45:14 IST" name="browserQuitAndClose" finished-at="2026-03-12T20:45:15 IST" duration-ms="361" status="PASS">
          <params>
            <param index="0">
              <value>
                <![CDATA[[TestResult name=verifyiftheuserisabletologinwithvalidcredentials status=SUCCESS method=LoginTest.verifyiftheuserisabletologinwithvalidcredentials()[pri:1, instance:testscript.LoginTest@2a4fb17b] output={null}]]]>
              </value>
            </param>
          </params>
          <reporter-output>
          </reporter-output>
        </test-method> <!-- browserQuitAndClose -->
        <test-method is-config="true" signature="initialiseBrowser(java.lang.String)[pri:0, instance:testscript.LoginTest@2a4fb17b]" started-at="2026-03-12T20:45:15 IST" name="initialiseBrowser" finished-at="2026-03-12T20:45:16 IST" duration-ms="1763" status="PASS">
          <params>
            <param index="0">
              <value>
                <![CDATA[chrome]]>
              </value>
            </param>
          </params>
          <reporter-output>
          </reporter-output>
        </test-method> <!-- initialiseBrowser -->
        <test-method signature="verifyiftheuserisabletologinwithcorrectusernameandincorrectpassword()[pri:2, instance:testscript.LoginTest@2a4fb17b]" started-at="2026-03-12T20:45:16 IST" name="verifyiftheuserisabletologinwithcorrectusernameandincorrectpassword" description="Verify login functionaility" finished-at="2026-03-12T20:45:17 IST" duration-ms="766" status="PASS">
          <reporter-output>
          </reporter-output>
        </test-method> <!-- verifyiftheuserisabletologinwithcorrectusernameandincorrectpassword -->
        <test-method is-config="true" signature="browserQuitAndClose(org.testng.ITestResult)[pri:0, instance:testscript.LoginTest@2a4fb17b]" started-at="2026-03-12T20:45:17 IST" name="browserQuitAndClose" finished-at="2026-03-12T20:45:18 IST" duration-ms="296" status="PASS">
          <params>
            <param index="0">
              <value>
                <![CDATA[[TestResult name=verifyiftheuserisabletologinwithcorrectusernameandincorrectpassword status=SUCCESS method=LoginTest.verifyiftheuserisabletologinwithcorrectusernameandincorrectpassword()[pri:2, instance:testscript.LoginTest@2a4fb17b] output={null}]]]>
              </value>
            </param>
          </params>
          <reporter-output>
          </reporter-output>
        </test-method> <!-- browserQuitAndClose -->
        <test-method is-config="true" signature="initialiseBrowser(java.lang.String)[pri:0, instance:testscript.LoginTest@2a4fb17b]" started-at="2026-03-12T20:45:18 IST" name="initialiseBrowser" finished-at="2026-03-12T20:45:20 IST" duration-ms="2024" status="PASS">
          <params>
            <param index="0">
              <value>
                <![CDATA[chrome]]>
              </value>
            </param>
          </params>
          <reporter-output>
          </reporter-output>
        </test-method> <!-- initialiseBrowser -->
        <test-method signature="verifyiftheuserisabletologinwithincorrectusernameandcorrectpassword()[pri:3, instance:testscript.LoginTest@2a4fb17b]" started-at="2026-03-12T20:45:20 IST" name="verifyiftheuserisabletologinwithincorrectusernameandcorrectpassword" description="Verify login functionaility" finished-at="2026-03-12T20:45:20 IST" duration-ms="790" status="PASS">
          <reporter-output>
          </reporter-output>
        </test-method> <!-- verifyiftheuserisabletologinwithincorrectusernameandcorrectpassword -->
        <test-method is-config="true" signature="browserQuitAndClose(org.testng.ITestResult)[pri:0, instance:testscript.LoginTest@2a4fb17b]" started-at="2026-03-12T20:45:20 IST" name="browserQuitAndClose" finished-at="2026-03-12T20:45:21 IST" duration-ms="244" status="PASS">
          <params>
            <param index="0">
              <value>
                <![CDATA[[TestResult name=verifyiftheuserisabletologinwithincorrectusernameandcorrectpassword status=SUCCESS method=LoginTest.verifyiftheuserisabletologinwithincorrectusernameandcorrectpassword()[pri:3, instance:testscript.LoginTest@2a4fb17b] output={null}]]]>
              </value>
            </param>
          </params>
          <reporter-output>
          </reporter-output>
        </test-method> <!-- browserQuitAndClose -->
        <test-method is-config="true" signature="initialiseBrowser(java.lang.String)[pri:0, instance:testscript.LoginTest@2a4fb17b]" started-at="2026-03-12T20:45:21 IST" name="initialiseBrowser" finished-at="2026-03-12T20:45:23 IST" duration-ms="1986" status="PASS">
          <params>
            <param index="0">
              <value>
                <![CDATA[chrome]]>
              </value>
            </param>
          </params>
          <reporter-output>
          </reporter-output>
        </test-method> <!-- initialiseBrowser -->
        <test-method signature="verifyiftheuserisabletologinwithincorrectusernameandincorrectpassword()[pri:4, instance:testscript.LoginTest@2a4fb17b]" started-at="2026-03-12T20:45:23 IST" name="verifyiftheuserisabletologinwithincorrectusernameandincorrectpassword" description="Verify login functionaility" finished-at="2026-03-12T20:45:23 IST" duration-ms="915" status="PASS">
          <reporter-output>
          </reporter-output>
        </test-method> <!-- verifyiftheuserisabletologinwithincorrectusernameandincorrectpassword -->
        <test-method is-config="true" signature="browserQuitAndClose(org.testng.ITestResult)[pri:0, instance:testscript.LoginTest@2a4fb17b]" started-at="2026-03-12T20:45:23 IST" name="browserQuitAndClose" finished-at="2026-03-12T20:45:24 IST" duration-ms="254" status="PASS">
          <params>
            <param index="0">
              <value>
                <![CDATA[[TestResult name=verifyiftheuserisabletologinwithincorrectusernameandincorrectpassword status=SUCCESS method=LoginTest.verifyiftheuserisabletologinwithincorrectusernameandincorrectpassword()[pri:4, instance:testscript.LoginTest@2a4fb17b] output={null}]]]>
              </value>
            </param>
          </params>
          <reporter-output>
          </reporter-output>
        </test-method> <!-- browserQuitAndClose -->
        <test-method is-config="true" signature="initialiseBrowser(java.lang.String)[pri:0, instance:testscript.LoginTest@2a4fb17b]" started-at="2026-03-12T20:45:24 IST" name="initialiseBrowser" finished-at="2026-03-12T20:45:26 IST" duration-ms="2410" status="PASS">
          <params>
            <param index="0">
              <value>
                <![CDATA[chrome]]>
              </value>
            </param>
          </params>
          <reporter-output>
          </reporter-output>
        </test-method> <!-- initialiseBrowser -->
        <test-method signature="verifyiftheuserisabletologinwithnousernameandpassword()[pri:5, instance:testscript.LoginTest@2a4fb17b]" started-at="2026-03-12T20:45:26 IST" name="verifyiftheuserisabletologinwithnousernameandpassword" description="Verify login functionaility" finished-at="2026-03-12T20:45:27 IST" duration-ms="516" status="PASS">
          <reporter-output>
          </reporter-output>
        </test-method> <!-- verifyiftheuserisabletologinwithnousernameandpassword -->
        <test-method is-config="true" signature="browserQuitAndClose(org.testng.ITestResult)[pri:0, instance:testscript.LoginTest@2a4fb17b]" started-at="2026-03-12T20:45:27 IST" name="browserQuitAndClose" finished-at="2026-03-12T20:45:27 IST" duration-ms="293" status="PASS">
          <params>
            <param index="0">
              <value>
                <![CDATA[[TestResult name=verifyiftheuserisabletologinwithnousernameandpassword status=SUCCESS method=LoginTest.verifyiftheuserisabletologinwithnousernameandpassword()[pri:5, instance:testscript.LoginTest@2a4fb17b] output={null}]]]>
              </value>
            </param>
          </params>
          <reporter-output>
          </reporter-output>
        </test-method> <!-- browserQuitAndClose -->
      </class> <!-- testscript.LoginTest -->
    </test> <!-- Test -->
  </suite> <!-- Suite -->
</testng-results>
